<?xml version="1.0" encoding="UTF-8" ?>
<testsuite tests="37" failures="0" name="music.util.validation.DataValidationTest" time="0.019" errors="0" skipped="0">
  <properties>
    <property name="idea.version" value="2020.3.3"/>
    <property name="java.runtime.name" value="Java(TM) SE Runtime Environment"/>
    <property name="java.vm.version" value="16+36-2231"/>
    <property name="sun.boot.library.path" value="C:\Program Files\Java\jdk-16\bin"/>
    <property name="maven.multiModuleProjectDirectory" value="C:\Users\Natalia Yurush\University\music"/>
    <property name="java.vm.vendor" value="Oracle Corporation"/>
    <property name="java.vendor.url" value="https://java.oracle.com/"/>
    <property name="guice.disable.misplaced.annotation.check" value="true"/>
    <property name="path.separator" value=";"/>
    <property name="java.vm.name" value="Java HotSpot(TM) 64-Bit Server VM"/>
    <property name="sun.os.patch.level" value=""/>
    <property name="user.script" value=""/>
    <property name="user.country" value="US"/>
    <property name="sun.java.launcher" value="SUN_STANDARD"/>
    <property name="java.vm.specification.name" value="Java Virtual Machine Specification"/>
    <property name="user.dir" value="C:\Users\Natalia Yurush\University\music"/>
    <property name="java.vm.compressedOopsMode" value="32-bit"/>
    <property name="java.runtime.version" value="16+36-2231"/>
    <property name="os.arch" value="amd64"/>
    <property name="java.io.tmpdir" value="C:\Users\NATALI~1\AppData\Local\Temp\"/>
    <property name="line.separator" value="
"/>
    <property name="java.vm.specification.vendor" value="Oracle Corporation"/>
    <property name="user.variant" value=""/>
    <property name="os.name" value="Windows 10"/>
    <property name="maven.ext.class.path" value="C:\Program Files\JetBrains\IntelliJ IDEA 2020.3.3\plugins\maven\lib\maven-event-listener.jar"/>
    <property name="classworlds.conf" value="C:\Program Files\JetBrains\IntelliJ IDEA 2020.3.3\plugins\maven\lib\maven3\bin\m2.conf"/>
    <property name="sun.jnu.encoding" value="Cp1251"/>
    <property name="java.library.path" value="C:\Program Files\Java\jdk-16\bin;C:\Windows\Sun\Java\bin;C:\Windows\system32;C:\Windows;C:\Program Files (x86)\Common Files\Intel\Shared Files\cpp\bin\Intel64;C:\Program Files\Common Files\Oracle\Java\javapath;C:\Program Files (x86)\Intel\Intel(R) Management Engine Components\iCLS\;C:\Program Files\Intel\Intel(R) Management Engine Components\iCLS\;C:\Windows\system32;C:\Windows;C:\Windows\System32\Wbem;C:\Windows\System32\WindowsPowerShell\v1.0\;C:\Windows\System32\OpenSSH\;c:\Program Files (x86)\Intel\Intel(R) Management Engine Components\DAL;c:\Program Files\Intel\Intel(R) Management Engine Components\DAL;c:\Program Files (x86)\Intel\Intel(R) Management Engine Components\IPT;c:\Program Files\Intel\Intel(R) Management Engine Components\IPT;C:\Program Files\Git\cmd;C:\Program Files\Java\jdk-16\bin;C:\Program Files\apache-maven-3.6.3\bin;C:\Program Files\apache-tomcat-9.0.44\bin;C:\Users\Natalia Yurush\AppData\Local\Microsoft\WindowsApps;;."/>
    <property name="maven.conf" value="C:\Program Files\JetBrains\IntelliJ IDEA 2020.3.3\plugins\maven\lib\maven3/conf"/>
    <property name="jdk.debug" value="release"/>
    <property name="java.class.version" value="60.0"/>
    <property name="java.specification.name" value="Java Platform API Specification"/>
    <property name="sun.management.compiler" value="HotSpot 64-Bit Tiered Compilers"/>
    <property name="os.version" value="10.0"/>
    <property name="user.home" value="C:\Users\Natalia Yurush"/>
    <property name="user.timezone" value="Europe/Moscow"/>
    <property name="file.encoding" value="UTF-8"/>
    <property name="java.specification.version" value="16"/>
    <property name="user.name" value="Natalia Yurush"/>
    <property name="java.class.path" value="C:\Program Files\JetBrains\IntelliJ IDEA 2020.3.3\plugins\maven\lib\maven3\boot\plexus-classworlds-2.6.0.jar;C:\Program Files\JetBrains\IntelliJ IDEA 2020.3.3\plugins\maven\lib\maven3\boot\plexus-classworlds.license"/>
    <property name="java.vm.specification.version" value="16"/>
    <property name="sun.arch.data.model" value="64"/>
    <property name="sun.java.command" value="org.codehaus.classworlds.Launcher -Didea.version=2020.3.3 test"/>
    <property name="java.home" value="C:\Program Files\Java\jdk-16"/>
    <property name="user.language" value="en"/>
    <property name="java.specification.vendor" value="Oracle Corporation"/>
    <property name="java.vm.info" value="mixed mode, sharing"/>
    <property name="java.version" value="16"/>
    <property name="java.vendor" value="Oracle Corporation"/>
    <property name="maven.home" value="C:\Program Files\JetBrains\IntelliJ IDEA 2020.3.3\plugins\maven\lib\maven3"/>
    <property name="file.separator" value="\"/>
    <property name="java.version.date" value="2021-03-16"/>
    <property name="java.vendor.url.bug" value="https://bugreport.java.com/bugreport/"/>
    <property name="sun.io.unicode.encoding" value="UnicodeLittle"/>
    <property name="sun.cpu.endian" value="little"/>
    <property name="sun.cpu.isalist" value="amd64"/>
  </properties>
  <testcase classname="music.util.validation.DataValidationTest" name="isNotCorrectPasswordTest[0: &lt;empty string&gt;]" time="0.001"/>
  <testcase classname="music.util.validation.DataValidationTest" name="isNotCorrectPasswordTest[1: QQww112]" time="0"/>
  <testcase classname="music.util.validation.DataValidationTest" name="isNotCorrectPasswordTest[2: kjhgfd123456]" time="0"/>
  <testcase classname="music.util.validation.DataValidationTest" name="isNotCorrectPasswordTest[3: !!!qwerR]" time="0"/>
  <testcase classname="music.util.validation.DataValidationTest" name="isNotCorrectPasswordTest[4: 12345678]" time="0"/>
  <testcase classname="music.util.validation.DataValidationTest" name="isNotCorrectPasswordTest[5: qwertyui]" time="0"/>
  <testcase classname="music.util.validation.DataValidationTest" name="isNotCorrectPasswordTest[6: QWERtyui]" time="0"/>
  <testcase classname="music.util.validation.DataValidationTest" name="isCorrectPasswordTest[0: QQww1122]" time="0"/>
  <testcase classname="music.util.validation.DataValidationTest" name="isCorrectPasswordTest[1: FFhowh67hjF]" time="0.001"/>
  <testcase classname="music.util.validation.DataValidationTest" name="isCorrectPasswordTest[2: Foiej34jjF]" time="0.001"/>
  <testcase classname="music.util.validation.DataValidationTest" name="isCorrectPasswordTest[3: ASDFs1234]" time="0.003"/>
  <testcase classname="music.util.validation.DataValidationTest" name="isNotCorrectEmailTest[0: &lt;empty string&gt;]" time="0.001"/>
  <testcase classname="music.util.validation.DataValidationTest" name="isNotCorrectEmailTest[1: olga.com]" time="0.004"/>
  <testcase classname="music.util.validation.DataValidationTest" name="isNotCorrectEmailTest[2: kokos@gmail]" time="0"/>
  <testcase classname="music.util.validation.DataValidationTest" name="isNotCorrectEmailTest[3: .@gmail.com]" time="0"/>
  <testcase classname="music.util.validation.DataValidationTest" name="isNotCorrectEmailTest[4: sad@mail.]" time="0"/>
  <testcase classname="music.util.validation.DataValidationTest" name="isNotCorrectLoginTest[0: &lt;empty string&gt;]" time="0.003"/>
  <testcase classname="music.util.validation.DataValidationTest" name="isNotCorrectLoginTest[1: a]" time="0"/>
  <testcase classname="music.util.validation.DataValidationTest" name="isNotCorrectLoginTest[2: sdkfjdsflkfj dslfjslskfhlkshflaskjfhalkfh]" time="0"/>
  <testcase classname="music.util.validation.DataValidationTest" name="isNotCorrectLoginTest[3: sf df]" time="0"/>
  <testcase classname="music.util.validation.DataValidationTest" name="isNotCorrectLoginTest[4: natasha!!!]" time="0"/>
  <testcase classname="music.util.validation.DataValidationTest" name="isCorrectEmailTest[0: natallia.yurush@gmail.com]" time="0"/>
  <testcase classname="music.util.validation.DataValidationTest" name="isCorrectEmailTest[1: nika.koko@yandex.ru]" time="0"/>
  <testcase classname="music.util.validation.DataValidationTest" name="isCorrectEmailTest[2: kokosik@mail.ru]" time="0"/>
  <testcase classname="music.util.validation.DataValidationTest" name="isCorrectLoginTest[0: natasha]" time="0"/>
  <testcase classname="music.util.validation.DataValidationTest" name="isCorrectLoginTest[1: natallia-yurush]" time="0"/>
  <testcase classname="music.util.validation.DataValidationTest" name="isCorrectLoginTest[2: natallia.yurush]" time="0"/>
  <testcase classname="music.util.validation.DataValidationTest" name="isCorrectLoginTest[3: natallia_yurush]" time="0.002"/>
  <testcase classname="music.util.validation.DataValidationTest" name="isCorrectNameTest[0: natasha]" time="0"/>
  <testcase classname="music.util.validation.DataValidationTest" name="isCorrectNameTest[1: Natallia]" time="0.001"/>
  <testcase classname="music.util.validation.DataValidationTest" name="isCorrectNameTest[2: Yurush]" time="0"/>
  <testcase classname="music.util.validation.DataValidationTest" name="isNotCorrectNameTest[0: &lt;empty string&gt;]" time="0.001"/>
  <testcase classname="music.util.validation.DataValidationTest" name="isNotCorrectNameTest[1: A]" time="0"/>
  <testcase classname="music.util.validation.DataValidationTest" name="isNotCorrectNameTest[2: sdkfjdsflkfj dslfjslskfhlkshflaskjfhalkfh]" time="0.001"/>
  <testcase classname="music.util.validation.DataValidationTest" name="isNotCorrectNameTest[3: 1234]" time="0"/>
  <testcase classname="music.util.validation.DataValidationTest" name="isNotCorrectNameTest[4: natasha!!!]" time="0"/>
  <testcase classname="music.util.validation.DataValidationTest" name="isNotCorrectNameTest[5: asdf123]" time="0"/>
</testsuite>